2019-06-05 09:03:19 INFO  [net.isetjb.Application.java:main():41] - Initializing the application...
2019-06-05 09:03:19 DEBUG [net.isetjb.config.PROP.java:getInstance():39] - Trying to create Properties...
2019-06-05 09:03:19 DEBUG [net.isetjb.config.PROP.java:getInstance():46] - Success add app.properties file.
2019-06-05 09:03:19 DEBUG [net.isetjb.config.I18N.java:getInstance():42] - Internationalization settings...
2019-06-05 09:03:19 INFO  [net.isetjb.config.I18N.java:getInstance():48] - Default user Locale : en_US
2019-06-05 09:03:19 INFO  [net.isetjb.config.I18N.java:init():91] - Locale configured successfully to : en_US
2019-06-05 09:03:19 DEBUG [net.isetjb.Application.java:macosConfig():62] - Special settings for macOS users...
2019-06-05 09:03:19 INFO  [net.isetjb.Application.java:main():47] - Starting twentyone-1.0.0 Application...
2019-06-05 09:03:21 DEBUG [net.isetjb.FrameAbout.java:<init>():58] - START constructor...
2019-06-05 09:03:21 DEBUG [net.isetjb.FrameAbout.java:<init>():96] - End of constructor.
2019-06-05 09:03:21 DEBUG [net.isetjb.Frame1.java:<init>():49] - START constructor...
2019-06-05 09:03:21 DEBUG [net.isetjb.Frame1.java:<init>():67] - End of constructor.
2019-06-05 09:03:21 DEBUG [net.isetjb.MenuBar.java:<init>():58] - START constructor...
2019-06-05 09:03:21 DEBUG [net.isetjb.MenuBar.java:<init>():79] - End of constructor.
2019-06-05 09:03:21 DEBUG [net.isetjb.Desktop.java:<init>():65] - START constructor...
2019-06-05 09:03:21 DEBUG [net.isetjb.Desktop.java:<init>():134] - End of constructor.
2019-06-05 09:03:21 INFO  [net.isetjb.Application.java:main():52] - Application twentyone-1.0.0 started.
2019-06-05 09:03:33 DEBUG [net.isetjb.Desktop.java:windowClosing():123] - WindowEvent on WINDOW_CLOSING,opposite=null,oldState=0,newState=0
2019-06-05 09:03:33 DEBUG [net.isetjb.Desktop.java:confirmBeforeExit():144] - Display confirm dialog...
2019-06-05 09:03:35 DEBUG [net.isetjb.Desktop.java:confirmBeforeExit():148] - User answer YES.
2019-06-05 09:06:08 INFO  [net.isetjb.Application.java:main():41] - Initializing the application...
2019-06-05 09:06:08 DEBUG [net.isetjb.config.PROP.java:getInstance():39] - Trying to create Properties...
2019-06-05 09:06:08 DEBUG [net.isetjb.config.PROP.java:getInstance():46] - Success add app.properties file.
2019-06-05 09:06:08 DEBUG [net.isetjb.config.I18N.java:getInstance():42] - Internationalization settings...
2019-06-05 09:06:08 INFO  [net.isetjb.config.I18N.java:getInstance():48] - Default user Locale : en_US
2019-06-05 09:06:08 INFO  [net.isetjb.config.I18N.java:init():91] - Locale configured successfully to : en_US
2019-06-05 09:06:08 DEBUG [net.isetjb.Application.java:macosConfig():62] - Special settings for macOS users...
2019-06-05 09:06:08 INFO  [net.isetjb.Application.java:main():47] - Starting twentyone-1.0.0 Application...
2019-06-05 09:06:10 DEBUG [net.isetjb.FrameAbout.java:<init>():58] - START constructor...
2019-06-05 09:06:10 DEBUG [net.isetjb.FrameAbout.java:<init>():96] - End of constructor.
2019-06-05 09:06:10 DEBUG [net.isetjb.Frame1.java:<init>():49] - START constructor...
2019-06-05 09:06:10 DEBUG [net.isetjb.Frame1.java:<init>():67] - End of constructor.
2019-06-05 09:06:10 DEBUG [net.isetjb.MenuBar.java:<init>():58] - START constructor...
2019-06-05 09:06:10 DEBUG [net.isetjb.MenuBar.java:<init>():79] - End of constructor.
2019-06-05 09:06:10 DEBUG [net.isetjb.Desktop.java:<init>():65] - START constructor...
2019-06-05 09:06:10 DEBUG [net.isetjb.Desktop.java:<init>():134] - End of constructor.
2019-06-05 09:06:10 INFO  [net.isetjb.Application.java:main():52] - Application twentyone-1.0.0 started.
2019-06-05 09:06:18 DEBUG [net.isetjb.Desktop.java:windowClosing():123] - WindowEvent on WINDOW_CLOSING,opposite=null,oldState=0,newState=0
2019-06-05 09:06:18 DEBUG [net.isetjb.Desktop.java:confirmBeforeExit():144] - Display confirm dialog...
2019-06-05 09:06:19 DEBUG [net.isetjb.Desktop.java:confirmBeforeExit():148] - User answer YES.
2019-06-05 09:07:56 INFO  [net.isetjb.Application.java:main():41] - Initializing the application...
2019-06-05 09:07:56 DEBUG [net.isetjb.config.PROP.java:getInstance():39] - Trying to create Properties...
2019-06-05 09:07:56 DEBUG [net.isetjb.config.PROP.java:getInstance():46] - Success add app.properties file.
2019-06-05 09:07:56 DEBUG [net.isetjb.config.I18N.java:getInstance():42] - Internationalization settings...
2019-06-05 09:07:56 INFO  [net.isetjb.config.I18N.java:getInstance():48] - Default user Locale : en_US
2019-06-05 09:07:56 INFO  [net.isetjb.config.I18N.java:init():91] - Locale configured successfully to : en_US
2019-06-05 09:07:56 DEBUG [net.isetjb.Application.java:macosConfig():62] - Special settings for macOS users...
2019-06-05 09:07:56 INFO  [net.isetjb.Application.java:main():47] - Starting twentyone-1.0.0 Application...
2019-06-05 09:07:58 DEBUG [net.isetjb.FrameAbout.java:<init>():58] - START constructor...
2019-06-05 09:07:58 DEBUG [net.isetjb.FrameAbout.java:<init>():96] - End of constructor.
2019-06-05 09:07:58 DEBUG [net.isetjb.Frame1.java:<init>():49] - START constructor...
2019-06-05 09:07:58 DEBUG [net.isetjb.Frame1.java:<init>():76] - End of constructor.
2019-06-05 09:07:58 DEBUG [net.isetjb.MenuBar.java:<init>():58] - START constructor...
2019-06-05 09:07:58 DEBUG [net.isetjb.MenuBar.java:<init>():79] - End of constructor.
2019-06-05 09:07:58 DEBUG [net.isetjb.Desktop.java:<init>():65] - START constructor...
2019-06-05 09:07:58 DEBUG [net.isetjb.Desktop.java:<init>():134] - End of constructor.
2019-06-05 09:07:58 INFO  [net.isetjb.Application.java:main():52] - Application twentyone-1.0.0 started.
2019-06-05 09:10:35 DEBUG [net.isetjb.Desktop.java:windowClosing():123] - WindowEvent on WINDOW_CLOSING,opposite=null,oldState=0,newState=0
2019-06-05 09:10:35 DEBUG [net.isetjb.Desktop.java:confirmBeforeExit():144] - Display confirm dialog...
2019-06-05 09:10:36 DEBUG [net.isetjb.Desktop.java:confirmBeforeExit():148] - User answer YES.
2019-06-05 09:10:41 INFO  [net.isetjb.Application.java:main():41] - Initializing the application...
2019-06-05 09:10:41 DEBUG [net.isetjb.config.PROP.java:getInstance():39] - Trying to create Properties...
2019-06-05 09:10:41 DEBUG [net.isetjb.config.PROP.java:getInstance():46] - Success add app.properties file.
2019-06-05 09:10:41 DEBUG [net.isetjb.config.I18N.java:getInstance():42] - Internationalization settings...
2019-06-05 09:10:41 INFO  [net.isetjb.config.I18N.java:getInstance():48] - Default user Locale : en_US
2019-06-05 09:10:41 INFO  [net.isetjb.config.I18N.java:init():91] - Locale configured successfully to : en_US
2019-06-05 09:10:41 DEBUG [net.isetjb.Application.java:macosConfig():62] - Special settings for macOS users...
2019-06-05 09:10:41 INFO  [net.isetjb.Application.java:main():47] - Starting twentyone-1.0.0 Application...
2019-06-05 09:10:43 DEBUG [net.isetjb.FrameAbout.java:<init>():58] - START constructor...
2019-06-05 09:10:43 DEBUG [net.isetjb.FrameAbout.java:<init>():96] - End of constructor.
2019-06-05 09:10:43 DEBUG [net.isetjb.Frame1.java:<init>():49] - START constructor...
2019-06-05 09:10:43 DEBUG [net.isetjb.Frame1.java:<init>():76] - End of constructor.
2019-06-05 09:10:43 DEBUG [net.isetjb.MenuBar.java:<init>():58] - START constructor...
2019-06-05 09:10:43 DEBUG [net.isetjb.MenuBar.java:<init>():79] - End of constructor.
2019-06-05 09:10:43 DEBUG [net.isetjb.Desktop.java:<init>():65] - START constructor...
2019-06-05 09:10:43 DEBUG [net.isetjb.Desktop.java:<init>():134] - End of constructor.
2019-06-05 09:10:43 INFO  [net.isetjb.Application.java:main():52] - Application twentyone-1.0.0 started.
2019-06-05 09:10:48 DEBUG [net.isetjb.Desktop.java:windowClosing():123] - WindowEvent on WINDOW_CLOSING,opposite=null,oldState=0,newState=0
2019-06-05 09:10:48 DEBUG [net.isetjb.Desktop.java:confirmBeforeExit():144] - Display confirm dialog...
2019-06-05 09:10:50 DEBUG [net.isetjb.Desktop.java:confirmBeforeExit():148] - User answer YES.
2019-06-05 09:11:19 INFO  [net.isetjb.Application.java:main():41] - Initializing the application...
2019-06-05 09:11:19 DEBUG [net.isetjb.config.PROP.java:getInstance():39] - Trying to create Properties...
2019-06-05 09:11:19 DEBUG [net.isetjb.config.PROP.java:getInstance():46] - Success add app.properties file.
2019-06-05 09:11:19 DEBUG [net.isetjb.config.I18N.java:getInstance():42] - Internationalization settings...
2019-06-05 09:11:19 INFO  [net.isetjb.config.I18N.java:getInstance():48] - Default user Locale : en_US
2019-06-05 09:11:19 INFO  [net.isetjb.config.I18N.java:init():91] - Locale configured successfully to : en_US
2019-06-05 09:11:19 DEBUG [net.isetjb.Application.java:macosConfig():62] - Special settings for macOS users...
2019-06-05 09:11:19 INFO  [net.isetjb.Application.java:main():47] - Starting twentyone-1.0.0 Application...
2019-06-05 09:11:20 DEBUG [net.isetjb.FrameAbout.java:<init>():58] - START constructor...
2019-06-05 09:11:20 DEBUG [net.isetjb.FrameAbout.java:<init>():96] - End of constructor.
2019-06-05 09:11:20 DEBUG [net.isetjb.Frame1.java:<init>():49] - START constructor...
2019-06-05 09:11:20 DEBUG [net.isetjb.Frame1.java:<init>():76] - End of constructor.
2019-06-05 09:11:20 DEBUG [net.isetjb.MenuBar.java:<init>():58] - START constructor...
2019-06-05 09:11:20 DEBUG [net.isetjb.MenuBar.java:<init>():79] - End of constructor.
2019-06-05 09:11:20 DEBUG [net.isetjb.Desktop.java:<init>():65] - START constructor...
2019-06-05 09:11:20 DEBUG [net.isetjb.Desktop.java:<init>():134] - End of constructor.
2019-06-05 09:11:20 INFO  [net.isetjb.Application.java:main():52] - Application twentyone-1.0.0 started.
2019-06-05 09:11:24 DEBUG [net.isetjb.Desktop.java:windowClosing():123] - WindowEvent on WINDOW_CLOSING,opposite=null,oldState=0,newState=0
2019-06-05 09:11:24 DEBUG [net.isetjb.Desktop.java:confirmBeforeExit():144] - Display confirm dialog...
2019-06-05 09:11:26 DEBUG [net.isetjb.Desktop.java:confirmBeforeExit():148] - User answer YES.
2019-06-05 09:19:46 INFO  [net.isetjb.Application.java:main():41] - Initializing the application...
2019-06-05 09:19:46 DEBUG [net.isetjb.config.PROP.java:getInstance():39] - Trying to create Properties...
2019-06-05 09:19:46 DEBUG [net.isetjb.config.PROP.java:getInstance():46] - Success add app.properties file.
2019-06-05 09:19:46 DEBUG [net.isetjb.config.I18N.java:getInstance():42] - Internationalization settings...
2019-06-05 09:19:46 INFO  [net.isetjb.config.I18N.java:getInstance():48] - Default user Locale : en_US
2019-06-05 09:19:46 INFO  [net.isetjb.config.I18N.java:init():91] - Locale configured successfully to : en_US
2019-06-05 09:19:46 DEBUG [net.isetjb.Application.java:macosConfig():62] - Special settings for macOS users...
2019-06-05 09:19:46 INFO  [net.isetjb.Application.java:main():47] - Starting twentyone-1.0.0 Application...
2019-06-05 09:19:48 DEBUG [net.isetjb.FrameAbout.java:<init>():58] - START constructor...
2019-06-05 09:19:48 DEBUG [net.isetjb.FrameAbout.java:<init>():96] - End of constructor.
2019-06-05 09:19:48 DEBUG [net.isetjb.Frame1.java:<init>():53] - START constructor...
2019-06-05 09:19:48 DEBUG [net.isetjb.Frame1.java:<init>():85] - End of constructor.
2019-06-05 09:19:48 DEBUG [net.isetjb.MenuBar.java:<init>():58] - START constructor...
2019-06-05 09:19:48 DEBUG [net.isetjb.MenuBar.java:<init>():79] - End of constructor.
2019-06-05 09:19:48 DEBUG [net.isetjb.Desktop.java:<init>():65] - START constructor...
2019-06-05 09:19:48 DEBUG [net.isetjb.Desktop.java:<init>():134] - End of constructor.
2019-06-05 09:19:48 INFO  [net.isetjb.Application.java:main():52] - Application twentyone-1.0.0 started.
2019-06-05 09:19:50 DEBUG [game.mechanics.GameStart.java:<init>():6] - Start game
